#-----------------------------------------------------------
# Vivado v2017.4 (64-bit)
# SW Build 2086221 on Fri Dec 15 20:55:39 MST 2017
# IP Build 2085800 on Fri Dec 15 22:25:07 MST 2017
# Start of session at: Mon Nov  4 13:09:34 2019
# Process ID: 19056
# Current directory: F:/JUYG/PCIe_setup_DRAM_rev1
# Command line: vivado.exe -gui_launcher_event rodinguilauncherevent2808 F:\JUYG\PCIe_setup_DRAM_rev1\project_1.xpr
# Log file: F:/JUYG/PCIe_setup_DRAM_rev1/vivado.log
# Journal file: F:/JUYG/PCIe_setup_DRAM_rev1\vivado.jou
#-----------------------------------------------------------
start_gui
open_project F:/JUYG/PCIe_setup_DRAM_rev1/project_1.xpr
Scanning sources...
Finished scanning sources
INFO: [IP_Flow 19-234] Refreshing IP repositories
INFO: [IP_Flow 19-1704] No user IP repositories specified
INFO: [IP_Flow 19-2313] Loaded Vivado IP repository 'C:/Xilinx/Vivado/2017.4/data/ip'.
open_project: Time (s): cpu = 00:00:33 ; elapsed = 00:00:41 . Memory (MB): peak = 943.172 ; gain = 252.477
update_compile_order -fileset sources_1
exit
INFO: [Common 17-206] Exiting Vivado at Mon Nov  4 13:14:12 2019...
